2018-06-13 03:57:01,195 CRIT Supervisor running as root (no user in config file)
2018-06-13 03:57:01,196 WARN Included extra file "/etc/supervisor/conf.d/supervisord.conf" during parsing
2018-06-13 03:57:01,450 INFO RPC interface 'supervisor' initialized
2018-06-13 03:57:01,451 CRIT Server 'unix_http_server' running without any HTTP authentication checking
2018-06-13 03:57:01,452 INFO supervisord started with pid 1
2018-06-13 03:57:02,461 INFO spawned: 'varnishd' with pid 13
2018-06-13 03:57:02,481 INFO spawned: 'php-fpm' with pid 14
2018-06-13 03:57:02,497 INFO spawned: 'varnish-plugins-watcher' with pid 15
2018-06-13 03:57:02,514 INFO spawned: 'nginx' with pid 16
2018-06-13 03:57:02,554 INFO spawned: 'MailHog' with pid 17
2018-06-13 03:57:02,570 INFO spawned: 'mysql' with pid 20
2018-06-13 03:57:02,598 INFO spawned: 'varnish-themes-watcher' with pid 21
2018-06-13 03:57:03,629 INFO success: varnishd entered RUNNING state, process has stayed up for > than 1 seconds (startsecs)
2018-06-13 03:57:03,630 INFO success: php-fpm entered RUNNING state, process has stayed up for > than 1 seconds (startsecs)
2018-06-13 03:57:03,631 INFO success: varnish-plugins-watcher entered RUNNING state, process has stayed up for > than 1 seconds (startsecs)
2018-06-13 03:57:03,632 INFO success: nginx entered RUNNING state, process has stayed up for > than 1 seconds (startsecs)
2018-06-13 03:57:03,633 INFO success: MailHog entered RUNNING state, process has stayed up for > than 1 seconds (startsecs)
2018-06-13 03:57:03,636 INFO success: mysql entered RUNNING state, process has stayed up for > than 1 seconds (startsecs)
2018-06-13 03:57:03,637 INFO success: varnish-themes-watcher entered RUNNING state, process has stayed up for > than 1 seconds (startsecs)
2018-06-13 05:52:49,604 WARN received SIGTERM indicating exit request
2018-06-13 05:52:49,797 INFO waiting for varnishd, php-fpm, varnish-plugins-watcher, nginx, MailHog, mysql, varnish-themes-watcher to die
2018-06-13 05:52:50,800 INFO stopped: varnish-themes-watcher (terminated by SIGTERM)
2018-06-13 05:52:52,009 INFO stopped: mysql (exit status 0)
2018-06-13 05:52:52,013 INFO stopped: MailHog (terminated by SIGTERM)
2018-06-13 05:52:52,020 INFO stopped: nginx (exit status 0)
2018-06-13 05:52:53,024 INFO stopped: varnish-plugins-watcher (terminated by SIGTERM)
2018-06-13 05:52:53,026 INFO waiting for varnishd, php-fpm to die
2018-06-13 05:52:53,231 INFO stopped: php-fpm (exit status 0)
2018-06-13 05:52:54,776 INFO stopped: varnishd (exit status 0)
2018-06-14 04:19:25,497 CRIT Supervisor running as root (no user in config file)
2018-06-14 04:19:25,535 WARN Included extra file "/etc/supervisor/conf.d/supervisord.conf" during parsing
2018-06-14 04:19:25,704 INFO RPC interface 'supervisor' initialized
2018-06-14 04:19:25,705 CRIT Server 'unix_http_server' running without any HTTP authentication checking
2018-06-14 04:19:25,705 INFO supervisord started with pid 1
2018-06-14 04:19:26,710 INFO spawned: 'varnishd' with pid 7
2018-06-14 04:19:27,057 INFO spawned: 'php-fpm' with pid 8
2018-06-14 04:19:27,062 INFO spawned: 'varnish-plugins-watcher' with pid 9
2018-06-14 04:19:27,251 INFO spawned: 'nginx' with pid 10
2018-06-14 04:19:27,260 INFO spawned: 'MailHog' with pid 11
2018-06-14 04:19:27,267 INFO spawned: 'mysql' with pid 12
2018-06-14 04:19:27,273 INFO spawned: 'varnish-themes-watcher' with pid 13
2018-06-14 04:19:28,478 INFO success: varnishd entered RUNNING state, process has stayed up for > than 1 seconds (startsecs)
2018-06-14 04:19:28,478 INFO success: php-fpm entered RUNNING state, process has stayed up for > than 1 seconds (startsecs)
2018-06-14 04:19:28,478 INFO success: varnish-plugins-watcher entered RUNNING state, process has stayed up for > than 1 seconds (startsecs)
2018-06-14 04:19:28,479 INFO success: nginx entered RUNNING state, process has stayed up for > than 1 seconds (startsecs)
2018-06-14 04:19:28,479 INFO success: MailHog entered RUNNING state, process has stayed up for > than 1 seconds (startsecs)
2018-06-14 04:19:28,479 INFO success: mysql entered RUNNING state, process has stayed up for > than 1 seconds (startsecs)
2018-06-14 04:19:28,480 INFO success: varnish-themes-watcher entered RUNNING state, process has stayed up for > than 1 seconds (startsecs)
2018-06-14 05:05:31,583 WARN received SIGTERM indicating exit request
2018-06-14 05:05:31,585 INFO waiting for varnishd, php-fpm, varnish-plugins-watcher, nginx, MailHog, mysql, varnish-themes-watcher to die
2018-06-14 05:05:32,586 INFO stopped: varnish-themes-watcher (terminated by SIGTERM)
2018-06-14 05:05:32,596 INFO stopped: mysql (exit status 0)
2018-06-14 05:05:32,599 INFO stopped: MailHog (terminated by SIGTERM)
2018-06-14 05:05:32,601 INFO stopped: nginx (exit status 0)
2018-06-14 05:05:33,604 INFO stopped: varnish-plugins-watcher (terminated by SIGTERM)
2018-06-14 05:05:33,616 INFO stopped: php-fpm (exit status 0)
2018-06-14 05:05:34,625 INFO waiting for varnishd to die
2018-06-14 05:05:37,630 INFO waiting for varnishd to die
2018-06-14 05:05:37,886 CRIT reaped unknown pid 14)
2018-06-14 05:05:37,896 INFO stopped: varnishd (exit status 0)
2018-06-15 00:46:14,182 CRIT Supervisor running as root (no user in config file)
2018-06-15 00:46:14,211 WARN Included extra file "/etc/supervisor/conf.d/supervisord.conf" during parsing
2018-06-15 00:46:14,459 INFO RPC interface 'supervisor' initialized
2018-06-15 00:46:14,459 CRIT Server 'unix_http_server' running without any HTTP authentication checking
2018-06-15 00:46:14,460 INFO supervisord started with pid 1
2018-06-15 00:46:15,464 INFO spawned: 'varnishd' with pid 44
2018-06-15 00:46:15,480 INFO spawned: 'php-fpm' with pid 45
2018-06-15 00:46:15,487 INFO spawned: 'varnish-plugins-watcher' with pid 46
2018-06-15 00:46:15,516 INFO spawned: 'nginx' with pid 47
2018-06-15 00:46:15,527 INFO spawned: 'MailHog' with pid 48
2018-06-15 00:46:15,536 INFO spawned: 'mysql' with pid 49
2018-06-15 00:46:15,543 INFO spawned: 'varnish-themes-watcher' with pid 50
2018-06-15 00:46:16,548 INFO success: varnishd entered RUNNING state, process has stayed up for > than 1 seconds (startsecs)
2018-06-15 00:46:16,616 INFO success: php-fpm entered RUNNING state, process has stayed up for > than 1 seconds (startsecs)
2018-06-15 00:46:16,616 INFO success: varnish-plugins-watcher entered RUNNING state, process has stayed up for > than 1 seconds (startsecs)
2018-06-15 00:46:16,617 INFO success: nginx entered RUNNING state, process has stayed up for > than 1 seconds (startsecs)
2018-06-15 00:46:16,617 INFO success: MailHog entered RUNNING state, process has stayed up for > than 1 seconds (startsecs)
2018-06-15 00:46:16,617 INFO success: mysql entered RUNNING state, process has stayed up for > than 1 seconds (startsecs)
2018-06-15 00:46:16,618 INFO success: varnish-themes-watcher entered RUNNING state, process has stayed up for > than 1 seconds (startsecs)
2018-06-15 01:16:36,816 WARN received SIGTERM indicating exit request
2018-06-15 01:16:36,819 INFO waiting for varnishd, php-fpm, varnish-plugins-watcher, nginx, MailHog, mysql, varnish-themes-watcher to die
2018-06-15 01:16:37,821 INFO stopped: varnish-themes-watcher (terminated by SIGTERM)
2018-06-15 01:16:37,829 INFO stopped: mysql (exit status 0)
2018-06-15 01:16:37,831 INFO stopped: MailHog (terminated by SIGTERM)
2018-06-15 01:16:38,214 INFO stopped: nginx (exit status 0)
2018-06-15 01:16:39,217 INFO stopped: varnish-plugins-watcher (terminated by SIGTERM)
2018-06-15 01:16:39,232 INFO stopped: php-fpm (exit status 0)
2018-06-15 01:16:40,242 INFO waiting for varnishd to die
2018-06-15 01:16:40,549 INFO stopped: varnishd (exit status 0)
2018-06-15 01:33:27,693 CRIT Supervisor running as root (no user in config file)
2018-06-15 01:33:27,694 WARN Included extra file "/etc/supervisor/conf.d/supervisord.conf" during parsing
2018-06-15 01:33:27,902 INFO RPC interface 'supervisor' initialized
2018-06-15 01:33:27,904 CRIT Server 'unix_http_server' running without any HTTP authentication checking
2018-06-15 01:33:27,905 INFO supervisord started with pid 1
2018-06-15 01:33:28,909 INFO spawned: 'varnishd' with pid 7
2018-06-15 01:33:28,976 INFO spawned: 'php-fpm' with pid 8
2018-06-15 01:33:28,983 INFO spawned: 'varnish-plugins-watcher' with pid 9
2018-06-15 01:33:29,012 INFO spawned: 'nginx' with pid 10
2018-06-15 01:33:29,020 INFO spawned: 'MailHog' with pid 11
2018-06-15 01:33:29,028 INFO spawned: 'mysql' with pid 12
2018-06-15 01:33:29,034 INFO spawned: 'varnish-themes-watcher' with pid 13
2018-06-15 01:33:30,212 INFO success: varnishd entered RUNNING state, process has stayed up for > than 1 seconds (startsecs)
2018-06-15 01:33:30,213 INFO success: php-fpm entered RUNNING state, process has stayed up for > than 1 seconds (startsecs)
2018-06-15 01:33:30,213 INFO success: varnish-plugins-watcher entered RUNNING state, process has stayed up for > than 1 seconds (startsecs)
2018-06-15 01:33:30,213 INFO success: nginx entered RUNNING state, process has stayed up for > than 1 seconds (startsecs)
2018-06-15 01:33:30,214 INFO success: MailHog entered RUNNING state, process has stayed up for > than 1 seconds (startsecs)
2018-06-15 01:33:30,214 INFO success: mysql entered RUNNING state, process has stayed up for > than 1 seconds (startsecs)
2018-06-15 01:33:30,214 INFO success: varnish-themes-watcher entered RUNNING state, process has stayed up for > than 1 seconds (startsecs)
