2018-06-13 03:57:05 22 [Warning] Using unique option prefix myisam-recover instead of myisam-recover-options is deprecated and will be removed in a future release. Please use the full name instead.
2018-06-13 03:57:05 22 [Note] Plugin 'FEDERATED' is disabled.
2018-06-13 03:57:05 22 [Note] InnoDB: Using atomics to ref count buffer pool pages
2018-06-13 03:57:05 22 [Note] InnoDB: The InnoDB memory heap is disabled
2018-06-13 03:57:05 22 [Note] InnoDB: Mutexes and rw_locks use GCC atomic builtins
2018-06-13 03:57:05 22 [Note] InnoDB: Memory barrier is not used
2018-06-13 03:57:05 22 [Note] InnoDB: Compressed tables use zlib 1.2.3
2018-06-13 03:57:05 22 [Note] InnoDB: Using Linux native AIO
2018-06-13 03:57:05 22 [Note] InnoDB: Using CPU crc32 instructions
2018-06-13 03:57:05 22 [Note] InnoDB: Initializing buffer pool, size = 32.0M
2018-06-13 03:57:05 22 [Note] InnoDB: Completed initialization of buffer pool
2018-06-13 03:57:06 22 [Note] InnoDB: Highest supported file format is Barracuda.
2018-06-13 03:57:06 22 [Note] InnoDB: The log sequence numbers 1625987 and 1625987 in ibdata files do not match the log sequence number 1625997 in the ib_logfiles!
2018-06-13 03:57:06 22 [Note] InnoDB: Database was not shutdown normally!
2018-06-13 03:57:06 22 [Note] InnoDB: Starting crash recovery.
2018-06-13 03:57:06 22 [Note] InnoDB: Reading tablespace information from the .ibd files...
2018-06-13 03:57:06 22 [Note] InnoDB: Restoring possible half-written data pages 
2018-06-13 03:57:06 22 [Note] InnoDB: from the doublewrite buffer...
2018-06-13 03:57:08 22 [Note] InnoDB: 128 rollback segment(s) are active.
2018-06-13 03:57:08 22 [Note] InnoDB: Waiting for purge to start
2018-06-13 03:57:08 22 [Note] InnoDB: 5.6.37 started; log sequence number 1625997
2018-06-13 03:57:08 22 [Note] Server hostname (bind-address): '*'; port: 3306
2018-06-13 03:57:08 22 [Note] IPv6 is available.
2018-06-13 03:57:08 22 [Note]   - '::' resolves to '::';
2018-06-13 03:57:08 22 [Note] Server socket created on IP: '::'.
2018-06-13 03:57:08 22 [ERROR] /usr/sbin/mysqld: Table './mysql/user' is marked as crashed and should be repaired
2018-06-13 03:57:08 22 [Warning] Checking table:   './mysql/user'
2018-06-13 03:57:08 22 [ERROR] 1 client is using or hasn't closed the table properly
2018-06-13 03:57:08 22 [Warning] 'user' entry 'root@e24d0b5cccc1' ignored in --skip-name-resolve mode.
2018-06-13 03:57:08 22 [Warning] 'user' entry '@e24d0b5cccc1' ignored in --skip-name-resolve mode.
2018-06-13 03:57:08 22 [Warning] 'proxies_priv' entry '@ root@e24d0b5cccc1' ignored in --skip-name-resolve mode.
2018-06-13 03:57:08 22 [Note] Event Scheduler: Loaded 0 events
2018-06-13 03:57:08 22 [Note] /usr/sbin/mysqld: ready for connections.
Version: '5.6.37'  socket: '/var/run/mysqld/mysqld.sock'  port: 3306  MySQL Community Server (GPL)
2018-06-13 05:52:51 22 [Note] /usr/sbin/mysqld: Normal shutdown

2018-06-13 05:52:51 22 [Note] Giving 0 client threads a chance to die gracefully
2018-06-13 05:52:51 22 [Note] Event Scheduler: Purging the queue. 0 events
2018-06-13 05:52:51 22 [Note] Shutting down slave threads
2018-06-13 05:52:51 22 [Note] Forcefully disconnecting 0 remaining clients
2018-06-13 05:52:51 22 [Note] Binlog end
2018-06-13 05:52:51 22 [Note] Shutting down plugin 'partition'
2018-06-13 05:52:51 22 [Note] Shutting down plugin 'INNODB_SYS_DATAFILES'
2018-06-13 05:52:51 22 [Note] Shutting down plugin 'INNODB_SYS_TABLESPACES'
2018-06-13 05:52:51 22 [Note] Shutting down plugin 'INNODB_SYS_FOREIGN_COLS'
2018-06-13 05:52:51 22 [Note] Shutting down plugin 'INNODB_SYS_FOREIGN'
2018-06-13 05:52:51 22 [Note] Shutting down plugin 'INNODB_SYS_FIELDS'
2018-06-13 05:52:51 22 [Note] Shutting down plugin 'INNODB_SYS_COLUMNS'
2018-06-13 05:52:51 22 [Note] Shutting down plugin 'INNODB_SYS_INDEXES'
2018-06-13 05:52:51 22 [Note] Shutting down plugin 'INNODB_SYS_TABLESTATS'
2018-06-13 05:52:51 22 [Note] Shutting down plugin 'INNODB_SYS_TABLES'
2018-06-13 05:52:51 22 [Note] Shutting down plugin 'INNODB_FT_INDEX_TABLE'
2018-06-13 05:52:51 22 [Note] Shutting down plugin 'INNODB_FT_INDEX_CACHE'
2018-06-13 05:52:51 22 [Note] Shutting down plugin 'INNODB_FT_CONFIG'
2018-06-13 05:52:51 22 [Note] Shutting down plugin 'INNODB_FT_BEING_DELETED'
2018-06-13 05:52:51 22 [Note] Shutting down plugin 'INNODB_FT_DELETED'
2018-06-13 05:52:51 22 [Note] Shutting down plugin 'INNODB_FT_DEFAULT_STOPWORD'
2018-06-13 05:52:51 22 [Note] Shutting down plugin 'INNODB_METRICS'
2018-06-13 05:52:51 22 [Note] Shutting down plugin 'INNODB_BUFFER_POOL_STATS'
2018-06-13 05:52:51 22 [Note] Shutting down plugin 'INNODB_BUFFER_PAGE_LRU'
2018-06-13 05:52:51 22 [Note] Shutting down plugin 'INNODB_BUFFER_PAGE'
2018-06-13 05:52:51 22 [Note] Shutting down plugin 'INNODB_CMP_PER_INDEX_RESET'
2018-06-13 05:52:51 22 [Note] Shutting down plugin 'INNODB_CMP_PER_INDEX'
2018-06-13 05:52:51 22 [Note] Shutting down plugin 'INNODB_CMPMEM_RESET'
2018-06-13 05:52:51 22 [Note] Shutting down plugin 'INNODB_CMPMEM'
2018-06-13 05:52:51 22 [Note] Shutting down plugin 'INNODB_CMP_RESET'
2018-06-13 05:52:51 22 [Note] Shutting down plugin 'INNODB_CMP'
2018-06-13 05:52:51 22 [Note] Shutting down plugin 'INNODB_LOCK_WAITS'
2018-06-13 05:52:51 22 [Note] Shutting down plugin 'INNODB_LOCKS'
2018-06-13 05:52:51 22 [Note] Shutting down plugin 'INNODB_TRX'
2018-06-13 05:52:51 22 [Note] Shutting down plugin 'InnoDB'
2018-06-13 05:52:51 22 [Note] InnoDB: FTS optimize thread exiting.
2018-06-13 05:52:51 22 [Note] InnoDB: Starting shutdown...
2018-06-13 05:52:54 22 [Note] InnoDB: Shutdown completed; log sequence number 2996648
2018-06-13 05:52:54 22 [Note] Shutting down plugin 'BLACKHOLE'
2018-06-13 05:52:54 22 [Note] Shutting down plugin 'ARCHIVE'
2018-06-13 05:52:54 22 [Note] Shutting down plugin 'PERFORMANCE_SCHEMA'
2018-06-13 05:52:54 22 [Note] Shutting down plugin 'MEMORY'
2018-06-13 05:52:54 22 [Note] Shutting down plugin 'MyISAM'
2018-06-13 05:52:54 22 [Note] Shutting down plugin 'MRG_MYISAM'
2018-06-13 05:52:54 22 [Note] Shutting down plugin 'CSV'
2018-06-13 05:52:54 22 [Note] Shutting down plugin 'sha256_password'
2018-06-13 05:52:54 22 [Note] Shutting down plugin 'mysql_old_password'
2018-06-13 05:52:54 22 [Note] Shutting down plugin 'mysql_native_password'
2018-06-13 05:52:54 22 [Note] Shutting down plugin 'binlog'
2018-06-13 05:52:54 22 [Note] /usr/sbin/mysqld: Shutdown complete

2018-06-14 04:19:39 14 [Warning] Using unique option prefix myisam-recover instead of myisam-recover-options is deprecated and will be removed in a future release. Please use the full name instead.
2018-06-14 04:19:39 14 [Note] Plugin 'FEDERATED' is disabled.
2018-06-14 04:19:39 14 [Note] InnoDB: Using atomics to ref count buffer pool pages
2018-06-14 04:19:39 14 [Note] InnoDB: The InnoDB memory heap is disabled
2018-06-14 04:19:39 14 [Note] InnoDB: Mutexes and rw_locks use GCC atomic builtins
2018-06-14 04:19:39 14 [Note] InnoDB: Memory barrier is not used
2018-06-14 04:19:39 14 [Note] InnoDB: Compressed tables use zlib 1.2.3
2018-06-14 04:19:39 14 [Note] InnoDB: Using Linux native AIO
2018-06-14 04:19:40 14 [Note] InnoDB: Using CPU crc32 instructions
2018-06-14 04:19:40 14 [Note] InnoDB: Initializing buffer pool, size = 32.0M
2018-06-14 04:19:40 14 [Note] InnoDB: Completed initialization of buffer pool
2018-06-14 04:19:40 14 [Note] InnoDB: Highest supported file format is Barracuda.
2018-06-14 04:19:42 14 [Note] InnoDB: 128 rollback segment(s) are active.
2018-06-14 04:19:42 14 [Note] InnoDB: Waiting for purge to start
2018-06-14 04:19:42 14 [Note] InnoDB: 5.6.37 started; log sequence number 2996648
2018-06-14 04:19:42 14 [Note] Server hostname (bind-address): '*'; port: 3306
2018-06-14 04:19:42 14 [Note] IPv6 is available.
2018-06-14 04:19:42 14 [Note]   - '::' resolves to '::';
2018-06-14 04:19:42 14 [Note] Server socket created on IP: '::'.
2018-06-14 04:19:43 14 [Warning] 'user' entry 'root@e24d0b5cccc1' ignored in --skip-name-resolve mode.
2018-06-14 04:19:43 14 [Warning] 'user' entry '@e24d0b5cccc1' ignored in --skip-name-resolve mode.
2018-06-14 04:19:43 14 [Warning] 'proxies_priv' entry '@ root@e24d0b5cccc1' ignored in --skip-name-resolve mode.
2018-06-14 04:19:47 14 [Note] Event Scheduler: Loaded 0 events
2018-06-14 04:19:47 14 [Note] /usr/sbin/mysqld: ready for connections.
Version: '5.6.37'  socket: '/var/run/mysqld/mysqld.sock'  port: 3306  MySQL Community Server (GPL)
2018-06-14 05:05:32 14 [Note] /usr/sbin/mysqld: Normal shutdown

2018-06-14 05:05:32 14 [Note] Giving 0 client threads a chance to die gracefully
2018-06-14 05:05:32 14 [Note] Event Scheduler: Purging the queue. 0 events
2018-06-14 05:05:32 14 [Note] Shutting down slave threads
2018-06-14 05:05:32 14 [Note] Forcefully disconnecting 0 remaining clients
2018-06-14 05:05:32 14 [Note] Binlog end
2018-06-14 05:05:32 14 [Note] Shutting down plugin 'partition'
2018-06-14 05:05:32 14 [Note] Shutting down plugin 'INNODB_SYS_DATAFILES'
2018-06-14 05:05:32 14 [Note] Shutting down plugin 'INNODB_SYS_TABLESPACES'
2018-06-14 05:05:32 14 [Note] Shutting down plugin 'INNODB_SYS_FOREIGN_COLS'
2018-06-14 05:05:32 14 [Note] Shutting down plugin 'INNODB_SYS_FOREIGN'
2018-06-14 05:05:32 14 [Note] Shutting down plugin 'INNODB_SYS_FIELDS'
2018-06-14 05:05:32 14 [Note] Shutting down plugin 'INNODB_SYS_COLUMNS'
2018-06-14 05:05:32 14 [Note] Shutting down plugin 'INNODB_SYS_INDEXES'
2018-06-14 05:05:32 14 [Note] Shutting down plugin 'INNODB_SYS_TABLESTATS'
2018-06-14 05:05:32 14 [Note] Shutting down plugin 'INNODB_SYS_TABLES'
2018-06-14 05:05:32 14 [Note] Shutting down plugin 'INNODB_FT_INDEX_TABLE'
2018-06-14 05:05:32 14 [Note] Shutting down plugin 'INNODB_FT_INDEX_CACHE'
2018-06-14 05:05:32 14 [Note] Shutting down plugin 'INNODB_FT_CONFIG'
2018-06-14 05:05:32 14 [Note] Shutting down plugin 'INNODB_FT_BEING_DELETED'
2018-06-14 05:05:32 14 [Note] Shutting down plugin 'INNODB_FT_DELETED'
2018-06-14 05:05:32 14 [Note] Shutting down plugin 'INNODB_FT_DEFAULT_STOPWORD'
2018-06-14 05:05:32 14 [Note] Shutting down plugin 'INNODB_METRICS'
2018-06-14 05:05:32 14 [Note] Shutting down plugin 'INNODB_BUFFER_POOL_STATS'
2018-06-14 05:05:32 14 [Note] Shutting down plugin 'INNODB_BUFFER_PAGE_LRU'
2018-06-14 05:05:32 14 [Note] Shutting down plugin 'INNODB_BUFFER_PAGE'
2018-06-14 05:05:32 14 [Note] Shutting down plugin 'INNODB_CMP_PER_INDEX_RESET'
2018-06-14 05:05:32 14 [Note] Shutting down plugin 'INNODB_CMP_PER_INDEX'
2018-06-14 05:05:32 14 [Note] Shutting down plugin 'INNODB_CMPMEM_RESET'
2018-06-14 05:05:32 14 [Note] Shutting down plugin 'INNODB_CMPMEM'
2018-06-14 05:05:32 14 [Note] Shutting down plugin 'INNODB_CMP_RESET'
2018-06-14 05:05:32 14 [Note] Shutting down plugin 'INNODB_CMP'
2018-06-14 05:05:32 14 [Note] Shutting down plugin 'INNODB_LOCK_WAITS'
2018-06-14 05:05:32 14 [Note] Shutting down plugin 'INNODB_LOCKS'
2018-06-14 05:05:32 14 [Note] Shutting down plugin 'INNODB_TRX'
2018-06-14 05:05:32 14 [Note] Shutting down plugin 'InnoDB'
2018-06-14 05:05:32 14 [Note] InnoDB: FTS optimize thread exiting.
2018-06-14 05:05:32 14 [Note] InnoDB: Starting shutdown...
2018-06-14 05:05:37 14 [Note] InnoDB: Shutdown completed; log sequence number 3047199
2018-06-14 05:05:37 14 [Note] Shutting down plugin 'BLACKHOLE'
2018-06-14 05:05:37 14 [Note] Shutting down plugin 'ARCHIVE'
2018-06-14 05:05:37 14 [Note] Shutting down plugin 'PERFORMANCE_SCHEMA'
2018-06-14 05:05:37 14 [Note] Shutting down plugin 'MEMORY'
2018-06-14 05:05:37 14 [Note] Shutting down plugin 'MyISAM'
2018-06-14 05:05:37 14 [Note] Shutting down plugin 'MRG_MYISAM'
2018-06-14 05:05:37 14 [Note] Shutting down plugin 'CSV'
2018-06-14 05:05:37 14 [Note] Shutting down plugin 'sha256_password'
2018-06-14 05:05:37 14 [Note] Shutting down plugin 'mysql_old_password'
2018-06-14 05:05:37 14 [Note] Shutting down plugin 'mysql_native_password'
2018-06-14 05:05:37 14 [Note] Shutting down plugin 'binlog'
2018-06-14 05:05:37 14 [Note] /usr/sbin/mysqld: Shutdown complete

2018-06-15 00:46:19 51 [Warning] Using unique option prefix myisam-recover instead of myisam-recover-options is deprecated and will be removed in a future release. Please use the full name instead.
2018-06-15 00:46:19 51 [Note] Plugin 'FEDERATED' is disabled.
2018-06-15 00:46:19 51 [Note] InnoDB: Using atomics to ref count buffer pool pages
2018-06-15 00:46:19 51 [Note] InnoDB: The InnoDB memory heap is disabled
2018-06-15 00:46:19 51 [Note] InnoDB: Mutexes and rw_locks use GCC atomic builtins
2018-06-15 00:46:19 51 [Note] InnoDB: Memory barrier is not used
2018-06-15 00:46:19 51 [Note] InnoDB: Compressed tables use zlib 1.2.3
2018-06-15 00:46:19 51 [Note] InnoDB: Using Linux native AIO
2018-06-15 00:46:19 51 [Note] InnoDB: Using CPU crc32 instructions
2018-06-15 00:46:19 51 [Note] InnoDB: Initializing buffer pool, size = 32.0M
2018-06-15 00:46:19 51 [Note] InnoDB: Completed initialization of buffer pool
2018-06-15 00:46:20 51 [Note] InnoDB: Highest supported file format is Barracuda.
2018-06-15 00:46:21 51 [Note] InnoDB: 128 rollback segment(s) are active.
2018-06-15 00:46:21 51 [Note] InnoDB: Waiting for purge to start
2018-06-15 00:46:21 51 [Note] InnoDB: 5.6.37 started; log sequence number 3047199
2018-06-15 00:46:21 51 [Note] Server hostname (bind-address): '*'; port: 3306
2018-06-15 00:46:21 51 [Note] IPv6 is available.
2018-06-15 00:46:21 51 [Note]   - '::' resolves to '::';
2018-06-15 00:46:21 51 [Note] Server socket created on IP: '::'.
2018-06-15 00:46:21 51 [Warning] 'user' entry 'root@e24d0b5cccc1' ignored in --skip-name-resolve mode.
2018-06-15 00:46:21 51 [Warning] 'user' entry '@e24d0b5cccc1' ignored in --skip-name-resolve mode.
2018-06-15 00:46:21 51 [Warning] 'proxies_priv' entry '@ root@e24d0b5cccc1' ignored in --skip-name-resolve mode.
2018-06-15 00:46:22 51 [Note] Event Scheduler: Loaded 0 events
2018-06-15 00:46:22 51 [Note] /usr/sbin/mysqld: ready for connections.
Version: '5.6.37'  socket: '/var/run/mysqld/mysqld.sock'  port: 3306  MySQL Community Server (GPL)
2018-06-15 01:16:37 51 [Note] /usr/sbin/mysqld: Normal shutdown

2018-06-15 01:16:38 51 [Note] Giving 0 client threads a chance to die gracefully
2018-06-15 01:16:38 51 [Note] Event Scheduler: Purging the queue. 0 events
2018-06-15 01:16:38 51 [Note] Shutting down slave threads
2018-06-15 01:16:38 51 [Note] Forcefully disconnecting 0 remaining clients
2018-06-15 01:16:38 51 [Note] Binlog end
2018-06-15 01:16:38 51 [Note] Shutting down plugin 'partition'
2018-06-15 01:16:38 51 [Note] Shutting down plugin 'INNODB_SYS_DATAFILES'
2018-06-15 01:16:38 51 [Note] Shutting down plugin 'INNODB_SYS_TABLESPACES'
2018-06-15 01:16:38 51 [Note] Shutting down plugin 'INNODB_SYS_FOREIGN_COLS'
2018-06-15 01:16:38 51 [Note] Shutting down plugin 'INNODB_SYS_FOREIGN'
2018-06-15 01:16:38 51 [Note] Shutting down plugin 'INNODB_SYS_FIELDS'
2018-06-15 01:16:38 51 [Note] Shutting down plugin 'INNODB_SYS_COLUMNS'
2018-06-15 01:16:38 51 [Note] Shutting down plugin 'INNODB_SYS_INDEXES'
2018-06-15 01:16:38 51 [Note] Shutting down plugin 'INNODB_SYS_TABLESTATS'
2018-06-15 01:16:38 51 [Note] Shutting down plugin 'INNODB_SYS_TABLES'
2018-06-15 01:16:38 51 [Note] Shutting down plugin 'INNODB_FT_INDEX_TABLE'
2018-06-15 01:16:38 51 [Note] Shutting down plugin 'INNODB_FT_INDEX_CACHE'
2018-06-15 01:16:38 51 [Note] Shutting down plugin 'INNODB_FT_CONFIG'
2018-06-15 01:16:38 51 [Note] Shutting down plugin 'INNODB_FT_BEING_DELETED'
2018-06-15 01:16:38 51 [Note] Shutting down plugin 'INNODB_FT_DELETED'
2018-06-15 01:16:38 51 [Note] Shutting down plugin 'INNODB_FT_DEFAULT_STOPWORD'
2018-06-15 01:16:38 51 [Note] Shutting down plugin 'INNODB_METRICS'
2018-06-15 01:16:38 51 [Note] Shutting down plugin 'INNODB_BUFFER_POOL_STATS'
2018-06-15 01:16:38 51 [Note] Shutting down plugin 'INNODB_BUFFER_PAGE_LRU'
2018-06-15 01:16:38 51 [Note] Shutting down plugin 'INNODB_BUFFER_PAGE'
2018-06-15 01:16:38 51 [Note] Shutting down plugin 'INNODB_CMP_PER_INDEX_RESET'
2018-06-15 01:16:38 51 [Note] Shutting down plugin 'INNODB_CMP_PER_INDEX'
2018-06-15 01:16:38 51 [Note] Shutting down plugin 'INNODB_CMPMEM_RESET'
2018-06-15 01:16:38 51 [Note] Shutting down plugin 'INNODB_CMPMEM'
2018-06-15 01:16:38 51 [Note] Shutting down plugin 'INNODB_CMP_RESET'
2018-06-15 01:16:38 51 [Note] Shutting down plugin 'INNODB_CMP'
2018-06-15 01:16:38 51 [Note] Shutting down plugin 'INNODB_LOCK_WAITS'
2018-06-15 01:16:38 51 [Note] Shutting down plugin 'INNODB_LOCKS'
2018-06-15 01:16:38 51 [Note] Shutting down plugin 'INNODB_TRX'
2018-06-15 01:16:38 51 [Note] Shutting down plugin 'InnoDB'
2018-06-15 01:16:38 51 [Note] InnoDB: FTS optimize thread exiting.
2018-06-15 01:16:38 51 [Note] InnoDB: Starting shutdown...
2018-06-15 01:33:34 14 [Warning] Using unique option prefix myisam-recover instead of myisam-recover-options is deprecated and will be removed in a future release. Please use the full name instead.
2018-06-15 01:33:34 14 [Note] Plugin 'FEDERATED' is disabled.
2018-06-15 01:33:35 14 [Note] InnoDB: Using atomics to ref count buffer pool pages
2018-06-15 01:33:35 14 [Note] InnoDB: The InnoDB memory heap is disabled
2018-06-15 01:33:35 14 [Note] InnoDB: Mutexes and rw_locks use GCC atomic builtins
2018-06-15 01:33:35 14 [Note] InnoDB: Memory barrier is not used
2018-06-15 01:33:35 14 [Note] InnoDB: Compressed tables use zlib 1.2.3
2018-06-15 01:33:35 14 [Note] InnoDB: Using Linux native AIO
2018-06-15 01:33:35 14 [Note] InnoDB: Using CPU crc32 instructions
2018-06-15 01:33:35 14 [Note] InnoDB: Initializing buffer pool, size = 32.0M
2018-06-15 01:33:35 14 [Note] InnoDB: Completed initialization of buffer pool
2018-06-15 01:33:35 14 [Note] InnoDB: Highest supported file format is Barracuda.
2018-06-15 01:33:35 14 [Note] InnoDB: The log sequence numbers 3047199 and 3047199 in ibdata files do not match the log sequence number 3437169 in the ib_logfiles!
2018-06-15 01:33:35 14 [Note] InnoDB: Database was not shutdown normally!
2018-06-15 01:33:35 14 [Note] InnoDB: Starting crash recovery.
2018-06-15 01:33:35 14 [Note] InnoDB: Reading tablespace information from the .ibd files...
2018-06-15 01:33:36 14 [Note] InnoDB: Restoring possible half-written data pages 
2018-06-15 01:33:36 14 [Note] InnoDB: from the doublewrite buffer...
2018-06-15 01:33:40 14 [Note] InnoDB: 128 rollback segment(s) are active.
2018-06-15 01:33:40 14 [Note] InnoDB: Waiting for purge to start
2018-06-15 01:33:40 14 [Note] InnoDB: 5.6.37 started; log sequence number 3437169
2018-06-15 01:33:40 14 [Note] Server hostname (bind-address): '*'; port: 3306
2018-06-15 01:33:40 14 [Note] IPv6 is available.
2018-06-15 01:33:40 14 [Note]   - '::' resolves to '::';
2018-06-15 01:33:40 14 [Note] Server socket created on IP: '::'.
2018-06-15 01:33:41 14 [Warning] 'user' entry 'root@e24d0b5cccc1' ignored in --skip-name-resolve mode.
2018-06-15 01:33:41 14 [Warning] 'user' entry '@e24d0b5cccc1' ignored in --skip-name-resolve mode.
2018-06-15 01:33:41 14 [Warning] 'proxies_priv' entry '@ root@e24d0b5cccc1' ignored in --skip-name-resolve mode.
2018-06-15 01:33:41 14 [Note] Event Scheduler: Loaded 0 events
2018-06-15 01:33:41 14 [Note] /usr/sbin/mysqld: ready for connections.
Version: '5.6.37'  socket: '/var/run/mysqld/mysqld.sock'  port: 3306  MySQL Community Server (GPL)
